<?xml version="1.0" encoding="UTF-8"?>
<testsuite xmlns:xsi="http://www.w3.org/2001/XMLSchema-instance" xsi:noNamespaceSchemaLocation="https://maven.apache.org/surefire/maven-surefire-plugin/xsd/surefire-test-report-3.0.xsd" version="3.0" name="TestSuite" time="33.869" tests="4" errors="0" skipped="0" failures="2">
  <properties>
[...]
</properties>
  <testcase name="scenario" classname="starter.testing.ExecutionEngine" time="5.924"/>
  <testcase name="scenario" classname="starter.testing.ExecutionEngine" time="4.357"/>
  <testcase name="scenario" classname="starter.testing.ExecutionEngine" time="5.4">
    <failure message="&#10;Expected: is &quot;34&quot;&#10;     but: was &quot;24&quot;" type="java.lang.AssertionError"><![CDATA[java.lang.AssertionError: 

Expected: is "34"
     but: was "24"
]]></failure>
    <system-out><![CDATA[12:03:19.476 [TestNG-tests-1] DEBUG s.t.c.u.report.ExtentReportListener - Embedding device Pixel 2 API 28

@Dev
Scenario Outline: The user adds two numbers and computes a sum &amp#27;[90m# src/test/resources/features/ComputeSum.feature:15&amp#27;[0m
12:03:19.477 [TestNG-tests-1] DEBUG s.t.c.u.report.ExtentReportListener - Determine if will log hooks-before on the report hookStep is starter.testing.Hooks.beforeScenario(io.cucumber.java.Scenario)
12:03:19.477 [TestNG-tests-1] INFO  starter.testing.Hooks - ------------------------------
12:03:19.477 [TestNG-tests-1] INFO  starter.testing.Hooks - The user adds two numbers and computes a sum - Status - PASSED
12:03:19.477 [TestNG-tests-1] INFO  starter.testing.Hooks - ------------------------------
12:03:19.477 [TestNG-tests-1] DEBUG s.t.c.u.report.ExtentReportListener - Step finished event starter.testing.Hooks.beforeScenario(io.cucumber.java.Scenario)
12:03:19.477 [TestNG-tests-1] DEBUG s.t.c.u.report.ExtentReportListener - Logging hooks on the report stepName [The user is on the landing screen] stepKeyword [Given ]
12:03:19.477 [TestNG-tests-1] INFO  s.testing.core.AbstractBasePage - Creating page object [Page_ComputeSum] for sessionId [33109ce2-b428-4d34-a773-a091462c2ed8] and threadId [14]
12:03:19.522 [TestNG-tests-1] DEBUG s.t.c.u.report.ExtentReportListener - Step finished event starter.testing.tests.stepdefs.StepDef_LandingPage.theUserIsOnTheLandingScreen()
12:03:19.522 [TestNG-tests-1] DEBUG s.t.c.u.report.ExtentReportListener - Step finished with PASSED
  &amp#27;[32mGiven &amp#27;[0m&amp#27;[32mThe user is on the landing screen&amp#27;[0m                      &amp#27;[90m# starter.testing.tests.stepdefs.StepDef_LandingPage.theUserIsOnTheLandingScreen()&amp#27;[0m
12:03:19.523 [TestNG-tests-1] DEBUG s.t.c.u.report.ExtentReportListener - Determine if will log hooks-before on the report hookStep is starter.testing.Hooks.takeScreenshotAfterStep(io.cucumber.java.Scenario)
12:03:19.523 [TestNG-tests-1] INFO  starter.testing.Hooks - Taking screenshot...
12:03:19.814 [TestNG-tests-1] ERROR starter.testing.Hooks - Failed to take screenshot , null
12:03:19.815 [TestNG-tests-1] DEBUG s.t.c.u.report.ExtentReportListener - Step finished event starter.testing.Hooks.takeScreenshotAfterStep(io.cucumber.java.Scenario)
12:03:19.815 [TestNG-tests-1] DEBUG s.t.c.u.report.ExtentReportListener - Logging hooks on the report stepName [The user enters the first "14"] stepKeyword [And ]
12:03:19.815 [TestNG-tests-1] INFO  s.t.c.u.actions.GenericUserActions - Ready to input data : 14
12:03:19.815 [TestNG-tests-1] DEBUG s.t.c.u.actions.GenericUserActions - About to click on element Located by By.id: first_field
12:03:19.926 [TestNG-tests-1] DEBUG s.t.c.u.actions.GenericUserActions - Success clicking on element Located by By.id: first_field
12:03:19.926 [TestNG-tests-1] DEBUG s.t.c.u.actions.GenericUserActions - Sending keys to element Located by By.id: first_field
12:03:21.248 [TestNG-tests-1] INFO  s.t.c.u.actions.GenericUserActions - Input data complete : success
12:03:21.248 [TestNG-tests-1] DEBUG s.t.c.u.report.ExtentReportListener - Step finished event starter.testing.tests.stepdefs.StepDef_LandingPage.theUserEntersTheFirst(java.lang.String)
12:03:21.248 [TestNG-tests-1] DEBUG s.t.c.u.report.ExtentReportListener - Step finished with PASSED
  &amp#27;[32mAnd &amp#27;[0m&amp#27;[32mThe user enters the first &amp#27;[0m&amp#27;[32m&amp#27;[1m"14"&amp#27;[0m                           &amp#27;[90m# starter.testing.tests.stepdefs.StepDef_LandingPage.theUserEntersTheFirst(java.lang.String)&amp#27;[0m
12:03:21.248 [TestNG-tests-1] DEBUG s.t.c.u.report.ExtentReportListener - Determine if will log hooks-before on the report hookStep is starter.testing.Hooks.takeScreenshotAfterStep(io.cucumber.java.Scenario)
12:03:21.248 [TestNG-tests-1] INFO  starter.testing.Hooks - Taking screenshot...
12:03:21.562 [TestNG-tests-1] ERROR starter.testing.Hooks - Failed to take screenshot , null
12:03:21.563 [TestNG-tests-1] DEBUG s.t.c.u.report.ExtentReportListener - Step finished event starter.testing.Hooks.takeScreenshotAfterStep(io.cucumber.java.Scenario)
12:03:21.563 [TestNG-tests-1] DEBUG s.t.c.u.report.ExtentReportListener - Logging hooks on the report stepName [The user enters the second "10"] stepKeyword [And ]
12:03:21.563 [TestNG-tests-1] INFO  s.t.c.u.actions.GenericUserActions - Ready to input data : 10
12:03:21.563 [TestNG-tests-1] DEBUG s.t.c.u.actions.GenericUserActions - About to click on element Located by By.id: second_field
12:03:21.818 [TestNG-tests-1] DEBUG s.t.c.u.actions.GenericUserActions - Success clicking on element Located by By.id: second_field
12:03:21.818 [TestNG-tests-1] DEBUG s.t.c.u.actions.GenericUserActions - Sending keys to element Located by By.id: second_field
12:03:22.583 [TestNG-tests-1] INFO  s.t.c.u.actions.GenericUserActions - Input data complete : success
12:03:22.585 [TestNG-tests-1] DEBUG s.t.c.u.report.ExtentReportListener - Step finished event starter.testing.tests.stepdefs.StepDef_LandingPage.theUserEntersTheSecond(java.lang.String)
12:03:22.585 [TestNG-tests-1] DEBUG s.t.c.u.report.ExtentReportListener - Step finished with PASSED
  &amp#27;[32mAnd &amp#27;[0m&amp#27;[32mThe user enters the second &amp#27;[0m&amp#27;[32m&amp#27;[1m"10"&amp#27;[0m                          &amp#27;[90m# starter.testing.tests.stepdefs.StepDef_LandingPage.theUserEntersTheSecond(java.lang.String)&amp#27;[0m
12:03:22.586 [TestNG-tests-1] DEBUG s.t.c.u.report.ExtentReportListener - Determine if will log hooks-before on the report hookStep is starter.testing.Hooks.takeScreenshotAfterStep(io.cucumber.java.Scenario)
12:03:22.586 [TestNG-tests-1] INFO  starter.testing.Hooks - Taking screenshot...
12:03:23.218 [TestNG-tests-1] ERROR starter.testing.Hooks - Failed to take screenshot , null
12:03:23.218 [TestNG-tests-1] DEBUG s.t.c.u.report.ExtentReportListener - Step finished event starter.testing.Hooks.takeScreenshotAfterStep(io.cucumber.java.Scenario)
12:03:23.218 [TestNG-tests-1] DEBUG s.t.c.u.report.ExtentReportListener - Logging hooks on the report stepName [The user clicks the compute button] stepKeyword [And ]
12:03:23.219 [TestNG-tests-1] DEBUG s.t.c.u.actions.GenericUserActions - About to click on element Located by By.id: button_calculate
12:03:23.301 [TestNG-tests-1] DEBUG s.t.c.u.actions.GenericUserActions - Success clicking on element Located by By.id: button_calculate
12:03:23.302 [TestNG-tests-1] DEBUG s.t.c.u.report.ExtentReportListener - Step finished event starter.testing.tests.stepdefs.StepDef_LandingPage.theUserClicksTheComputeButton()
12:03:23.302 [TestNG-tests-1] DEBUG s.t.c.u.report.ExtentReportListener - Step finished with PASSED
  &amp#27;[32mAnd &amp#27;[0m&amp#27;[32mThe user clicks the compute button&amp#27;[0m                       &amp#27;[90m# starter.testing.tests.stepdefs.StepDef_LandingPage.theUserClicksTheComputeButton()&amp#27;[0m
12:03:23.302 [TestNG-tests-1] DEBUG s.t.c.u.report.ExtentReportListener - Determine if will log hooks-before on the report hookStep is starter.testing.Hooks.takeScreenshotAfterStep(io.cucumber.java.Scenario)
12:03:23.302 [TestNG-tests-1] INFO  starter.testing.Hooks - Taking screenshot...
12:03:23.913 [TestNG-tests-1] ERROR starter.testing.Hooks - Failed to take screenshot , null
12:03:23.913 [TestNG-tests-1] DEBUG s.t.c.u.report.ExtentReportListener - Step finished event starter.testing.Hooks.takeScreenshotAfterStep(io.cucumber.java.Scenario)
12:03:23.913 [TestNG-tests-1] DEBUG s.t.c.u.report.ExtentReportListener - Logging hooks on the report stepName [The sum is "34"] stepKeyword [Then ]
12:03:23.913 [TestNG-tests-1] INFO  s.t.c.u.actions.GenericUserActions - Validating object text
12:03:24.173 [TestNG-tests-1] INFO  s.t.c.u.actions.GenericUserActions - Element text is 24
12:03:24.232 [TestNG-tests-1] INFO  s.t.c.u.actions.GenericUserActions - Executing text compare Actual [24] Expecting [34]
12:03:24.235 [TestNG-tests-1] DEBUG s.t.c.u.report.ExtentReportListener - Step finished event starter.testing.tests.stepdefs.StepDef_LandingPage.theSumIs(java.lang.String)
12:03:24.235 [TestNG-tests-1] DEBUG s.t.c.u.report.ExtentReportListener - Step finished with FAILED
  &amp#27;[31mThen &amp#27;[0m&amp#27;[31mThe sum is &amp#27;[0m&amp#27;[31m&amp#27;[1m"34"&amp#27;[0m                                         &amp#27;[90m# starter.testing.tests.stepdefs.StepDef_LandingPage.theSumIs(java.lang.String)&amp#27;[0m
      &amp#27;[31mjava.lang.AssertionError: 
Expected: is "34"
     but: was "24"
	at org.hamcrest.MatcherAssert.assertThat(MatcherAssert.java:18)
	at org.hamcrest.MatcherAssert.assertThat(MatcherAssert.java:6)
	at starter.testing.core.util.actions.GenericUserActions.validateText(GenericUserActions.java:258)
	at starter.testing.core.util.actions.GenericUserActions.validateText(GenericUserActions.java:253)
	at starter.testing.tests.actions.ActionLandingPage.validateSum(ActionLandingPage.java:31)
	at starter.testing.tests.stepdefs.StepDef_LandingPage.theSumIs(StepDef_LandingPage.java:31)
	at ✽.The sum is "34"(file:///Users/sibusisoradebe/IdeaProjects/mobile-automation-framework/src/test/resources/features/ComputeSum.feature:10)
&amp#27;[0m
12:03:24.237 [TestNG-tests-1] DEBUG s.t.c.u.report.ExtentReportListener - Determine if will log hooks-before on the report hookStep is starter.testing.Hooks.takeScreenshotAfterStep(io.cucumber.java.Scenario)
12:03:24.237 [TestNG-tests-1] INFO  starter.testing.Hooks - Taking screenshot...
12:03:24.532 [TestNG-tests-1] ERROR starter.testing.Hooks - Failed to take screenshot , null
12:03:24.532 [TestNG-tests-1] DEBUG s.t.c.u.report.ExtentReportListener - Step finished event starter.testing.Hooks.takeScreenshotAfterStep(io.cucumber.java.Scenario)
12:03:24.532 [TestNG-tests-1] DEBUG s.t.c.u.report.ExtentReportListener - Determine if will log hooks-before on the report hookStep is starter.testing.Hooks.afterScenario(io.cucumber.java.Scenario)
12:03:24.532 [TestNG-tests-1] DEBUG s.t.c.u.report.ExtentReportListener - Logging hooks step io.cucumber.core.runner.HookTestStep@5c889c44
12:03:24.533 [TestNG-tests-1] INFO  starter.testing.Hooks - ------------------------------
12:03:24.533 [TestNG-tests-1] INFO  starter.testing.Hooks - The user adds two numbers and computes a sum - Status - FAILED
12:03:24.533 [TestNG-tests-1] INFO  starter.testing.Hooks - ------------------------------
12:03:24.533 [TestNG-tests-1] INFO  starter.testing.Hooks - Taking screenshot IF Test Failed
12:03:24.533 [TestNG-tests-1] INFO  starter.testing.Hooks - Taking screenshot...

    Embedding 711b57fcc93d4e78b94b652d3df94632.png [image/png 51640 bytes]

12:03:24.862 [TestNG-tests-1] INFO  starter.testing.Hooks - Quiting driver after scenario The user adds two numbers and computes a sum
12:03:24.863 [TestNG-tests-1] DEBUG s.t.c.u.report.ExtentReportListener - Step finished event starter.testing.Hooks.afterScenario(io.cucumber.java.Scenario)
12:03:24.863 [TestNG-tests-1] DEBUG s.t.c.u.report.ExtentReportListener - Step finished with PASSED
]]></system-out>
  </testcase>
  <testcase name="scenario" classname="starter.testing.ExecutionEngine" time="1.184">
    <failure message="&#10;Expected: is &quot;Welcome to NBK DVP&quot;&#10;     but: was &quot;Welcome to\nNBK DVP&quot;" type="java.lang.AssertionError"><![CDATA[java.lang.AssertionError: 

Expected: is "Welcome to NBK DVP"
     but: was "Welcome to\nNBK DVP"
]]></failure>
    <system-out><![CDATA[12:03:24.882 [TestNG-tests-1] DEBUG s.t.c.u.report.ExtentReportListener - Embedding device Pixel 2 API 28

@Dev
Scenario: Verify page title is correct      &amp#27;[90m# src/test/resources/features/ComputeSum.feature:17&amp#27;[0m
12:03:24.883 [TestNG-tests-1] DEBUG s.t.c.u.report.ExtentReportListener - Determine if will log hooks-before on the report hookStep is starter.testing.Hooks.beforeScenario(io.cucumber.java.Scenario)
12:03:24.883 [TestNG-tests-1] INFO  starter.testing.Hooks - ------------------------------
12:03:24.883 [TestNG-tests-1] INFO  starter.testing.Hooks - Verify page title is correct - Status - PASSED
12:03:24.883 [TestNG-tests-1] INFO  starter.testing.Hooks - ------------------------------
12:03:24.884 [TestNG-tests-1] DEBUG s.t.c.u.report.ExtentReportListener - Step finished event starter.testing.Hooks.beforeScenario(io.cucumber.java.Scenario)
12:03:24.884 [TestNG-tests-1] DEBUG s.t.c.u.report.ExtentReportListener - Logging hooks on the report stepName [The user is on the landing screen] stepKeyword [Given ]
12:03:24.884 [TestNG-tests-1] INFO  s.testing.core.AbstractBasePage - Creating page object [Page_ComputeSum] for sessionId [33109ce2-b428-4d34-a773-a091462c2ed8] and threadId [14]
12:03:24.936 [TestNG-tests-1] DEBUG s.t.c.u.report.ExtentReportListener - Step finished event starter.testing.tests.stepdefs.StepDef_LandingPage.theUserIsOnTheLandingScreen()
12:03:24.936 [TestNG-tests-1] DEBUG s.t.c.u.report.ExtentReportListener - Step finished with PASSED
  &amp#27;[32mGiven &amp#27;[0m&amp#27;[32mThe user is on the landing screen&amp#27;[0m   &amp#27;[90m# starter.testing.tests.stepdefs.StepDef_LandingPage.theUserIsOnTheLandingScreen()&amp#27;[0m
12:03:24.936 [TestNG-tests-1] DEBUG s.t.c.u.report.ExtentReportListener - Determine if will log hooks-before on the report hookStep is starter.testing.Hooks.takeScreenshotAfterStep(io.cucumber.java.Scenario)
12:03:24.937 [TestNG-tests-1] INFO  starter.testing.Hooks - Taking screenshot...
12:03:25.258 [TestNG-tests-1] ERROR starter.testing.Hooks - Failed to take screenshot , null
12:03:25.258 [TestNG-tests-1] DEBUG s.t.c.u.report.ExtentReportListener - Step finished event starter.testing.Hooks.takeScreenshotAfterStep(io.cucumber.java.Scenario)
12:03:25.258 [TestNG-tests-1] DEBUG s.t.c.u.report.ExtentReportListener - Logging hooks on the report stepName [The title reads "Welcome to NBK DVP"] stepKeyword [Then ]
12:03:25.259 [TestNG-tests-1] INFO  s.t.c.u.actions.GenericUserActions - Validating object text
12:03:25.356 [TestNG-tests-1] INFO  s.t.c.u.actions.GenericUserActions - Element text is Welcome to
NBK DVP
12:03:25.418 [TestNG-tests-1] INFO  s.t.c.u.actions.GenericUserActions - Executing text compare Actual [Welcome to
NBK DVP] Expecting [Welcome to NBK DVP]
12:03:25.419 [TestNG-tests-1] DEBUG s.t.c.u.report.ExtentReportListener - Step finished event starter.testing.tests.stepdefs.StepDef_LandingPage.theTitleReads(java.lang.String)
12:03:25.419 [TestNG-tests-1] DEBUG s.t.c.u.report.ExtentReportListener - Step finished with FAILED
  &amp#27;[31mThen &amp#27;[0m&amp#27;[31mThe title reads &amp#27;[0m&amp#27;[31m&amp#27;[1m"Welcome to NBK DVP"&amp#27;[0m &amp#27;[90m# starter.testing.tests.stepdefs.StepDef_LandingPage.theTitleReads(java.lang.String)&amp#27;[0m
      &amp#27;[31mjava.lang.AssertionError: 
Expected: is "Welcome to NBK DVP"
     but: was "Welcome to\nNBK DVP"
	at org.hamcrest.MatcherAssert.assertThat(MatcherAssert.java:18)
	at org.hamcrest.MatcherAssert.assertThat(MatcherAssert.java:6)
	at starter.testing.core.util.actions.GenericUserActions.validateText(GenericUserActions.java:258)
	at starter.testing.core.util.actions.GenericUserActions.validateText(GenericUserActions.java:253)
	at starter.testing.tests.actions.ActionLandingPage.validatePageTitle(ActionLandingPage.java:35)
	at starter.testing.tests.stepdefs.StepDef_LandingPage.theTitleReads(StepDef_LandingPage.java:45)
	at ✽.The title reads "Welcome to NBK DVP"(file:///Users/sibusisoradebe/IdeaProjects/mobile-automation-framework/src/test/resources/features/ComputeSum.feature:18)
&amp#27;[0m
12:03:25.425 [TestNG-tests-1] DEBUG s.t.c.u.report.ExtentReportListener - Determine if will log hooks-before on the report hookStep is starter.testing.Hooks.takeScreenshotAfterStep(io.cucumber.java.Scenario)
12:03:25.427 [TestNG-tests-1] INFO  starter.testing.Hooks - Taking screenshot...
12:03:25.738 [TestNG-tests-1] ERROR starter.testing.Hooks - Failed to take screenshot , null
12:03:25.738 [TestNG-tests-1] DEBUG s.t.c.u.report.ExtentReportListener - Step finished event starter.testing.Hooks.takeScreenshotAfterStep(io.cucumber.java.Scenario)
12:03:25.738 [TestNG-tests-1] DEBUG s.t.c.u.report.ExtentReportListener - Determine if will log hooks-before on the report hookStep is starter.testing.Hooks.afterScenario(io.cucumber.java.Scenario)
12:03:25.738 [TestNG-tests-1] DEBUG s.t.c.u.report.ExtentReportListener - Logging hooks step io.cucumber.core.runner.HookTestStep@2abc8862
12:03:25.738 [TestNG-tests-1] INFO  starter.testing.Hooks - ------------------------------
12:03:25.738 [TestNG-tests-1] INFO  starter.testing.Hooks - Verify page title is correct - Status - FAILED
12:03:25.738 [TestNG-tests-1] INFO  starter.testing.Hooks - ------------------------------
12:03:25.738 [TestNG-tests-1] INFO  starter.testing.Hooks - Taking screenshot IF Test Failed
12:03:25.738 [TestNG-tests-1] INFO  starter.testing.Hooks - Taking screenshot...

    Embedding 576ef42e6d2c4d798748f061f0130b29.png [image/png 51640 bytes]

12:03:26.058 [TestNG-tests-1] INFO  starter.testing.Hooks - Quiting driver after scenario Verify page title is correct
12:03:26.058 [TestNG-tests-1] DEBUG s.t.c.u.report.ExtentReportListener - Step finished event starter.testing.Hooks.afterScenario(io.cucumber.java.Scenario)
12:03:26.058 [TestNG-tests-1] DEBUG s.t.c.u.report.ExtentReportListener - Step finished with PASSED
]]></system-out>
  </testcase>
</testsuite>