<?xml version="1.0" encoding="UTF-8"?>
<testsuite xmlns:xsi="http://www.w3.org/2001/XMLSchema-instance" xsi:noNamespaceSchemaLocation="https://maven.apache.org/surefire/maven-surefire-plugin/xsd/surefire-test-report-3.0.xsd" version="3.0" name="TestSuite" time="32.347" tests="4" errors="0" skipped="1" failures="3">
  <properties>
[...]
</properties>
  <testcase name="setTestNGProperties" classname="starter.testing.ExecutionEngine" time="1.951">
    <failure message="Connection refused (Connection refused)&#10;Build info: version: &apos;3.141.59&apos;, revision: &apos;e82be7d358&apos;, time: &apos;2018-11-14T08:17:03&apos;&#10;System info: host: &apos;Sibusisos-MBP&apos;, ip: &apos;fe80:0:0:0:189e:2c1e:4e30:df33%en0&apos;, os.name: &apos;Mac OS X&apos;, os.arch: &apos;x86_64&apos;, os.version: &apos;10.15.7&apos;, java.version: &apos;1.8.0_191&apos;&#10;Driver info: driver.version: IOSDriver" type="org.openqa.selenium.WebDriverException"><![CDATA[org.openqa.selenium.WebDriverException: 
Connection refused (Connection refused)
Build info: version: '3.141.59', revision: 'e82be7d358', time: '2018-11-14T08:17:03'
System info: host: 'Sibusisos-MBP', ip: 'fe80:0:0:0:189e:2c1e:4e30:df33%en0', os.name: 'Mac OS X', os.arch: 'x86_64', os.version: '10.15.7', java.version: '1.8.0_191'
Driver info: driver.version: IOSDriver
	at starter.testing.ExecutionEngine.setTestNGProperties(ExecutionEngine.java:54)
Caused by: java.net.ConnectException: Connection refused (Connection refused)
	at starter.testing.ExecutionEngine.setTestNGProperties(ExecutionEngine.java:54)
]]></failure>
    <system-out><![CDATA[[TestNGContentHandler] [WARN] It is strongly recommended to add "<!DOCTYPE suite SYSTEM "https://testng.org/testng-1.0.dtd" >" at the top of your file, otherwise TestNG may fail or not work as expected.
13:56:53.069 [main] INFO  o.s.t.c.s.DefaultTestContextBootstrapper - Using TestExecutionListeners: [org.springframework.test.context.web.ServletTestExecutionListener@121314f7, org.springframework.test.context.support.DirtiesContextBeforeModesTestExecutionListener@130c12b7, org.springframework.test.context.support.DependencyInjectionTestExecutionListener@5e600dd5, org.springframework.test.context.support.DirtiesContextTestExecutionListener@576d5deb, org.springframework.test.context.event.EventPublishingTestExecutionListener@5d534f5d]
13:56:53.468 [TestNG-tests-1] INFO  s.t.c.u.e.EnvironmentConfig - Loading test environment configuration for : UAT
13:56:53.476 [TestNG-tests-1] INFO  s.t.c.u.e.EnvironmentConfig - Using config path : src/test/resources/config/uat.json
13:56:53.518 [TestNG-tests-1] DEBUG s.t.c.u.e.EnvironmentConfig - Loading json from path src/test/resources/config/uat.json
13:56:53.530 [TestNG-tests-1] INFO  starter.testing.ExecutionEngine - Creating test configuration using iphonesimulator.properties
13:56:53.530 [TestNG-tests-1] DEBUG s.t.c.u.e.EnvironmentConfig - Found ConfigValue with key test.configuration.location
13:56:53.530 [TestNG-tests-1] DEBUG s.t.c.u.e.EnvironmentConfig - Searching for config key test.configuration.location
13:56:53.531 [TestNG-tests-1] DEBUG s.t.c.u.e.EnvironmentConfig - [test.configuration.location] key value found, the value is [target/test-classes/config/devices/]
13:56:53.532 [TestNG-tests-1] INFO  s.t.c.u.e.TestConfigurationProperty - Adding testing configuration from location target/test-classes/config/devices/iphonesimulator.properties 
13:56:53.535 [TestNG-tests-1] DEBUG s.t.core.util.file.PropertiesUtil - Merging props
13:56:53.538 [TestNG-tests-1] DEBUG s.t.core.util.file.PropertiesUtil - 
13:56:53.539 [TestNG-tests-1] DEBUG s.t.core.util.file.PropertiesUtil - ===Current Properties===
13:56:53.540 [TestNG-tests-1] DEBUG s.t.core.util.file.PropertiesUtil - install.app=true
13:56:53.540 [TestNG-tests-1] DEBUG s.t.core.util.file.PropertiesUtil - bundle.id=co.bhambada.BMI-Calculator
13:56:53.541 [TestNG-tests-1] DEBUG s.t.core.util.file.PropertiesUtil - config=parallel.conf.json
13:56:53.541 [TestNG-tests-1] DEBUG s.t.core.util.file.PropertiesUtil - device.name=iPhone 11 Simulator
13:56:53.541 [TestNG-tests-1] DEBUG s.t.core.util.file.PropertiesUtil - configs.set=true
13:56:53.542 [TestNG-tests-1] DEBUG s.t.core.util.file.PropertiesUtil - device.id=7917FC15-018F-47D9-965D-99045555B319
13:56:53.542 [TestNG-tests-1] DEBUG s.t.core.util.file.PropertiesUtil - hidekeyboard=false
13:56:53.543 [TestNG-tests-1] DEBUG s.t.core.util.file.PropertiesUtil - binary.path=/Users/sibusiso87rn/Downloads/BMICalculator.app
13:56:53.543 [TestNG-tests-1] DEBUG s.t.core.util.file.PropertiesUtil - object.wait.time=45
13:56:53.544 [TestNG-tests-1] DEBUG s.t.core.util.file.PropertiesUtil - appium.server.location=http://127.0.0.1:4723/wd/hub
13:56:53.544 [TestNG-tests-1] DEBUG s.t.core.util.file.PropertiesUtil - phone.platform.version=13.5
13:56:53.544 [TestNG-tests-1] DEBUG s.t.core.util.file.PropertiesUtil - driver=IPHONE
13:56:53.544 [TestNG-tests-1] DEBUG s.t.core.util.file.PropertiesUtil - simulator=true
13:56:53.544 [TestNG-tests-1] DEBUG s.t.core.util.file.PropertiesUtil - ===Current Properties===
13:56:53.545 [TestNG-tests-1] DEBUG s.t.core.util.file.PropertiesUtil - 
13:56:53.548 [TestNG-tests-1] INFO  starter.testing.core.bean.TestBean - Creating thread local driver
13:56:53.551 [TestNG-tests-1] INFO  s.t.core.driver.appium.AppiumFactory - Appium factory is instance is null, creating new instance
13:56:53.572 [TestNG-tests-1] INFO  s.t.core.driver.appium.AppiumFactory - Current Appium Config Selection: IPHONE
13:56:53.573 [TestNG-tests-1] INFO  s.t.core.driver.appium.AppiumFactory - Current Appium Server Location: http://127.0.0.1:4723/wd/hub
]]></system-out>
  </testcase>
  <testcase name="setUpClass" classname="starter.testing.ExecutionEngine" time="32.267">
    <failure message="com.mongodb.MongoTimeoutException: Timed out after 30000 ms while waiting to connect. Client view of cluster state is {type=UNKNOWN, servers=[{address=localhost:27017, type=UNKNOWN, state=CONNECTING, exception={com.mongodb.MongoSocketOpenException: Exception opening socket}, caused by {java.net.ConnectException: Connection refused (Connection refused)}}]" type="io.cucumber.core.exception.CucumberException"><![CDATA[io.cucumber.core.exception.CucumberException: com.mongodb.MongoTimeoutException: Timed out after 30000 ms while waiting to connect. Client view of cluster state is {type=UNKNOWN, servers=[{address=localhost:27017, type=UNKNOWN, state=CONNECTING, exception={com.mongodb.MongoSocketOpenException: Exception opening socket}, caused by {java.net.ConnectException: Connection refused (Connection refused)}}]
	at starter.testing.ExecutionEngine.setUpClass(ExecutionEngine.java:62)
Caused by: com.mongodb.MongoTimeoutException: Timed out after 30000 ms while waiting to connect. Client view of cluster state is {type=UNKNOWN, servers=[{address=localhost:27017, type=UNKNOWN, state=CONNECTING, exception={com.mongodb.MongoSocketOpenException: Exception opening socket}, caused by {java.net.ConnectException: Connection refused (Connection refused)}}]
	at starter.testing.ExecutionEngine.setUpClass(ExecutionEngine.java:62)
]]></failure>
    <system-out><![CDATA[13:56:53.851 [TestNG-tests-1] DEBUG s.t.c.u.e.EnvironmentConfig - Found ConfigValue with key report.output.dir
13:56:53.851 [TestNG-tests-1] DEBUG s.t.c.u.e.EnvironmentConfig - Searching for config key report.output.dir
13:56:53.851 [TestNG-tests-1] DEBUG s.t.c.u.e.EnvironmentConfig - [report.output.dir] key value found, the value is [target/test-output/]
13:56:53.851 [TestNG-tests-1] DEBUG s.t.c.u.e.EnvironmentConfig - Found DatabaseConfigValue with key klovserver
13:56:53.851 [TestNG-tests-1] DEBUG s.t.c.u.e.EnvironmentConfig - Found DatabaseConfigValue with key klov
13:56:53.851 [TestNG-tests-1] DEBUG s.t.c.u.e.EnvironmentConfig - Found ConfigValue with key application.name
13:56:53.851 [TestNG-tests-1] DEBUG s.t.c.u.e.EnvironmentConfig - Searching for config key application.name
13:56:53.851 [TestNG-tests-1] DEBUG s.t.c.u.e.EnvironmentConfig - [application.name] key value found, the value is [${environment} Application Name]
13:56:53.851 [TestNG-tests-1] DEBUG s.t.c.u.e.EnvironmentConfig - Found ConfigValue with key cucumber.trends.path
13:56:53.851 [TestNG-tests-1] DEBUG s.t.c.u.e.EnvironmentConfig - Searching for config key cucumber.trends.path
13:56:53.851 [TestNG-tests-1] DEBUG s.t.c.u.e.EnvironmentConfig - [cucumber.trends.path] key value found, the value is [target/testing-trends.json]
13:56:53.851 [TestNG-tests-1] DEBUG s.t.c.u.e.EnvironmentConfig - Found ConfigValue with key cucumber.report.path
13:56:53.851 [TestNG-tests-1] DEBUG s.t.c.u.e.EnvironmentConfig - Searching for config key cucumber.report.path
13:56:53.852 [TestNG-tests-1] DEBUG s.t.c.u.e.EnvironmentConfig - [cucumber.report.path] key value found, the value is [target/cucumber-report.json]
13:56:53.852 [TestNG-tests-1] DEBUG s.t.c.u.e.EnvironmentConfig - Found ConfigValue with key run.klov.reporter
13:56:53.852 [TestNG-tests-1] DEBUG s.t.c.u.e.EnvironmentConfig - Searching for config key run.klov.reporter
13:56:53.852 [TestNG-tests-1] DEBUG s.t.c.u.e.EnvironmentConfig - [run.klov.reporter] key value found, the value is [true]
13:56:53.852 [TestNG-tests-1] DEBUG s.t.c.u.e.EnvironmentConfig - Found ConfigValue with key run.spark.reporter
13:56:53.852 [TestNG-tests-1] DEBUG s.t.c.u.e.EnvironmentConfig - Searching for config key run.spark.reporter
13:56:53.854 [TestNG-tests-1] DEBUG s.t.c.u.e.EnvironmentConfig - [run.spark.reporter] key value found, the value is [true]
13:56:53.854 [TestNG-tests-1] INFO  s.t.c.u.report.ExtentReportListener - Creating Listener Thread[TestNG-tests-1,5,main]
13:56:53.854 [TestNG-tests-1] INFO  s.t.c.u.report.ExtentReportListener - Will be creating klover report true
13:56:53.854 [TestNG-tests-1] INFO  s.t.c.u.report.ExtentReportListener - Will be creating spark report true
13:56:53.855 [TestNG-tests-1] INFO  s.t.c.u.report.SparkReporterService - SparkReporterService service is null, creating new instance
13:56:53.861 [TestNG-tests-1] INFO  s.t.c.u.report.SparkReporterService - Connecting to mongo database 
13:56:53.946 [TestNG-tests-1] INFO  org.mongodb.driver.cluster - Cluster created with settings {hosts=[localhost:27017], mode=SINGLE, requiredClusterType=UNKNOWN, serverSelectionTimeout='30000 ms', maxWaitQueueSize=500}
13:56:53.983 [cluster-ClusterId{value='5fa7cef50491667281a8d8fb', description='null'}-localhost:27017] INFO  org.mongodb.driver.cluster - Exception in monitor thread while connecting to server localhost:27017
com.mongodb.MongoSocketOpenException: Exception opening socket
	at com.mongodb.internal.connection.SocketStream.open(SocketStream.java:70) ~[mongodb-driver-core-3.10.1.jar:na]
	at com.mongodb.internal.connection.InternalStreamConnection.open(InternalStreamConnection.java:126) ~[mongodb-driver-core-3.10.1.jar:na]
	at com.mongodb.internal.connection.DefaultServerMonitor$ServerMonitorRunnable.run(DefaultServerMonitor.java:117) ~[mongodb-driver-core-3.10.1.jar:na]
	at java.lang.Thread.run(Thread.java:748) [na:1.8.0_191]
Caused by: java.net.ConnectException: Connection refused (Connection refused)
	at java.net.PlainSocketImpl.socketConnect(Native Method) ~[na:1.8.0_191]
	at java.net.AbstractPlainSocketImpl.doConnect(AbstractPlainSocketImpl.java:350) ~[na:1.8.0_191]
	at java.net.AbstractPlainSocketImpl.connectToAddress(AbstractPlainSocketImpl.java:206) ~[na:1.8.0_191]
	at java.net.AbstractPlainSocketImpl.connect(AbstractPlainSocketImpl.java:188) ~[na:1.8.0_191]
	at java.net.SocksSocketImpl.connect(SocksSocketImpl.java:392) ~[na:1.8.0_191]
	at java.net.Socket.connect(Socket.java:589) ~[na:1.8.0_191]
	at com.mongodb.internal.connection.SocketStreamHelper.initialize(SocketStreamHelper.java:64) ~[mongodb-driver-core-3.10.1.jar:na]
	at com.mongodb.internal.connection.SocketStream.initializeSocket(SocketStream.java:79) ~[mongodb-driver-core-3.10.1.jar:na]
	at com.mongodb.internal.connection.SocketStream.open(SocketStream.java:65) ~[mongodb-driver-core-3.10.1.jar:na]
	... 3 common frames omitted
13:56:54.127 [TestNG-tests-1] INFO  org.mongodb.driver.cluster - Cluster description not yet available. Waiting for 30000 ms before timing out
]]></system-out>
  </testcase>
  <testcase name="scenario" classname="starter.testing.ExecutionEngine" time="0">
    <skipped message="java.lang.NullPointerException"/>
    <system-err><![CDATA[[Utils] [ERROR] [Error] java.lang.NullPointerException
	at starter.testing.ExecutionEngine.scenarios(ExecutionEngine.java:72)
	at sun.reflect.NativeMethodAccessorImpl.invoke0(Native Method)
	at sun.reflect.NativeMethodAccessorImpl.invoke(NativeMethodAccessorImpl.java:62)
	at sun.reflect.DelegatingMethodAccessorImpl.invoke(DelegatingMethodAccessorImpl.java:43)
	at java.lang.reflect.Method.invoke(Method.java:498)
	at org.testng.internal.MethodInvocationHelper.invokeMethod(MethodInvocationHelper.java:132)
	at org.testng.internal.MethodInvocationHelper.invokeMethod(MethodInvocationHelper.java:76)
	at org.testng.internal.MethodInvocationHelper.invokeMethodNoCheckedException(MethodInvocationHelper.java:45)
	at org.testng.internal.MethodInvocationHelper.invokeDataProvider(MethodInvocationHelper.java:145)
	at org.testng.internal.Parameters.handleParameters(Parameters.java:797)
	at org.testng.internal.Parameters.handleParameters(Parameters.java:740)
	at org.testng.internal.ParameterHandler.handleParameters(ParameterHandler.java:59)
	at org.testng.internal.ParameterHandler.createParameters(ParameterHandler.java:38)
	at org.testng.internal.TestInvoker$MethodInvocationAgent.invoke(TestInvoker.java:789)
	at org.testng.internal.TestInvoker.invokeTestMethods(TestInvoker.java:147)
	at org.testng.internal.TestMethodWorker.invokeTestMethods(TestMethodWorker.java:146)
	at org.testng.internal.TestMethodWorker.run(TestMethodWorker.java:128)
	at java.util.ArrayList.forEach(ArrayList.java:1257)
	at org.testng.TestRunner.privateRun(TestRunner.java:764)
	at org.testng.TestRunner.run(TestRunner.java:585)
	at org.testng.SuiteRunner.runTest(SuiteRunner.java:384)
	at org.testng.SuiteRunner.access$000(SuiteRunner.java:28)
	at org.testng.SuiteRunner$SuiteWorker.run(SuiteRunner.java:425)
	at org.testng.internal.thread.ThreadUtil.lambda$execute$0(ThreadUtil.java:66)
	at java.util.concurrent.FutureTask.run(FutureTask.java:266)
	at java.util.concurrent.ThreadPoolExecutor.runWorker(ThreadPoolExecutor.java:1149)
	at java.util.concurrent.ThreadPoolExecutor$Worker.run(ThreadPoolExecutor.java:624)
	at java.lang.Thread.run(Thread.java:748)

]]></system-err>
  </testcase>
  <testcase name="tearDownClass" classname="starter.testing.ExecutionEngine" time="32.275">
    <failure type="java.lang.NullPointerException"><![CDATA[java.lang.NullPointerException
	at starter.testing.ExecutionEngine.tearDownClass(ExecutionEngine.java:77)
]]></failure>
  </testcase>
</testsuite>